<?xml version="1.0" encoding="UTF-8"?>
<robot generator="Robot 4.1.2 (Python 3.9.6 on darwin)" generated="20220521 22:53:55.613" rpa="false" schemaversion="2">
<suite id="s1" name="Test Cases Search" source="/Users/LaddawanC/Central_test/testcases/test_cases_search.robot">
<kw name="setup chromedriver" library="keyword" type="SETUP">
<kw name="Set Environment Variable" library="OperatingSystem">
<arg>webdriver.chrome.driver</arg>
<arg>${EXECDIR}/chromedriver.exe</arg>
<doc>Sets an environment variable to a specified value.</doc>
<msg timestamp="20220521 22:53:55.883" level="INFO">Environment variable 'webdriver.chrome.driver' set to value '/Users/LaddawanC/Central_test/testcases/chromedriver.exe'.</msg>
<status status="PASS" starttime="20220521 22:53:55.883" endtime="20220521 22:53:55.883"/>
</kw>
<status status="PASS" starttime="20220521 22:53:55.883" endtime="20220521 22:53:55.883"/>
</kw>
<test id="s1-t1" name="TC001-03 - Search the item by click on magnifying glass icon with all small letters in English">
<kw name="open Google Chrome browser" library="keyword" type="SETUP">
<kw name="Open Browser" library="SeleniumLibrary">
<arg>https://www.officemate.co.th/en</arg>
<arg>Chrome</arg>
<doc>Opens a new browser instance to the optional ``url``.</doc>
<msg timestamp="20220521 22:53:55.885" level="INFO">Opening browser 'Chrome' to base url 'https://www.officemate.co.th/en'.</msg>
<status status="PASS" starttime="20220521 22:53:55.885" endtime="20220521 22:54:01.303"/>
</kw>
<status status="PASS" starttime="20220521 22:53:55.884" endtime="20220521 22:54:01.303"/>
</kw>
<kw name="Maximize Browser Window" library="SeleniumLibrary">
<doc>Maximizes current browser window.</doc>
<status status="PASS" starttime="20220521 22:54:01.304" endtime="20220521 22:54:02.111"/>
</kw>
<kw name="Sleep" library="BuiltIn">
<arg>3s</arg>
<doc>Pauses the test executed for the given time.</doc>
<msg timestamp="20220521 22:54:05.113" level="INFO">Slept 3 seconds</msg>
<status status="PASS" starttime="20220521 22:54:02.111" endtime="20220521 22:54:05.113"/>
</kw>
<kw name="close dialog" library="keyword">
<kw name="Click Element" library="SeleniumLibrary">
<arg>xpath://*[@id="icon-close-button-1454703945249"]</arg>
<doc>Click the element identified by ``locator``.</doc>
<msg timestamp="20220521 22:54:05.115" level="INFO">Clicking element 'xpath://*[@id="icon-close-button-1454703945249"]'.</msg>
<kw name="Capture Page Screenshot" library="SeleniumLibrary">
<doc>Takes a screenshot of the current page and embeds it into a log file.</doc>
<msg timestamp="20220521 22:54:06.114" level="INFO" html="true">&lt;/td&gt;&lt;/tr&gt;&lt;tr&gt;&lt;td colspan="3"&gt;&lt;a href="selenium-screenshot-14.png"&gt;&lt;img src="selenium-screenshot-14.png" width="800px"&gt;&lt;/a&gt;</msg>
<status status="PASS" starttime="20220521 22:54:05.136" endtime="20220521 22:54:06.114"/>
</kw>
<msg timestamp="20220521 22:54:06.120" level="FAIL">Element with locator 'xpath://*[@id="icon-close-button-1454703945249"]' not found.</msg>
<status status="FAIL" starttime="20220521 22:54:05.114" endtime="20220521 22:54:06.120"/>
</kw>
<status status="FAIL" starttime="20220521 22:54:05.114" endtime="20220521 22:54:06.121"/>
</kw>
<kw name="enter keyword into search field" library="keyword">
<arg>${small_letters}</arg>
<status status="NOT RUN" starttime="20220521 22:54:06.121" endtime="20220521 22:54:06.122"/>
</kw>
<kw name="click on search icon" library="keyword">
<status status="NOT RUN" starttime="20220521 22:54:06.122" endtime="20220521 22:54:06.122"/>
</kw>
<kw name="search result page to display the item(s)" library="keyword">
<arg>${small_letters}</arg>
<status status="NOT RUN" starttime="20220521 22:54:06.122" endtime="20220521 22:54:06.122"/>
</kw>
<kw name="Close Browser" library="SeleniumLibrary" type="TEARDOWN">
<doc>Closes the current browser.</doc>
<status status="PASS" starttime="20220521 22:54:06.122" endtime="20220521 22:54:06.230"/>
</kw>
<status status="FAIL" starttime="20220521 22:53:55.884" endtime="20220521 22:54:06.230">Element with locator 'xpath://*[@id="icon-close-button-1454703945249"]' not found.</status>
</test>
<status status="FAIL" starttime="20220521 22:53:55.614" endtime="20220521 22:54:06.231"/>
</suite>
<statistics>
<total>
<stat pass="0" fail="1" skip="0">All Tests</stat>
</total>
<tag>
</tag>
<suite>
<stat pass="0" fail="1" skip="0" id="s1" name="Test Cases Search">Test Cases Search</stat>
</suite>
</statistics>
<errors>
<msg timestamp="20220521 22:53:55.878" level="ERROR">Error in file '/Users/LaddawanC/Central_test/resources/imports.robot' on line 8: Importing library 'RemoteSwingLibrary' failed: ModuleNotFoundError: No module named 'RemoteSwingLibrary'
Traceback (most recent call last):
  None
PYTHONPATH:
  /Library/Frameworks/Python.framework/Versions/3.9/bin
  /Library/Frameworks/Python.framework/Versions/3.9/lib/python39.zip
  /Library/Frameworks/Python.framework/Versions/3.9/lib/python3.9
  /Library/Frameworks/Python.framework/Versions/3.9/lib/python3.9/lib-dynload
  /Users/LaddawanC/Library/Python/3.9/lib/python/site-packages
  /Library/Frameworks/Python.framework/Versions/3.9/lib/python3.9/site-packages</msg>
</errors>
</robot>
